<?xml version="1.0" encoding="UTF-8" ?>
<testsuite tests="6" failures="0" name="ua.kh.profit.baklanov.ContractTest" time="0.039" errors="0" skipped="0">
  <properties>
[...]
</properties>
  <testcase classname="ua.kh.profit.baklanov.ContractTest" name="testSumForEach" time="0.012"/>
  <testcase classname="ua.kh.profit.baklanov.ContractTest" name="testSumIterator" time="0"/>
  <testcase classname="ua.kh.profit.baklanov.ContractTest" name="testInitials" time="0"/>
  <testcase classname="ua.kh.profit.baklanov.ContractTest" name="testSumLambda" time="0.023"/>
  <testcase classname="ua.kh.profit.baklanov.ContractTest" name="testSearch" time="0.002"/>
  <testcase classname="ua.kh.profit.baklanov.ContractTest" name="testSumFor" time="0.002"/>
</testsuite>